skitch@Skitchs-Laptop ~ % npx fortress-system setup
Need to install the following packages:
fortress-system@0.1.3
Ok to proceed? (y) y


  Fortress Setup
  Setting up your project...

  [1/4] Initializing package.json...
         Created package.json
  [2/4] Initializing git repository...
         Initialized empty git repository
         Created .gitignore
  [3/4] Installing fortress-system...

added 1 package, and audited 2 packages in 651ms

found 0 vulnerabilities
         Installed successfully
  [4/4] Launching setup wizard...


  Fortress Init — Project Setup Wizard
  Let's configure quality checks for your project.

  What framework are you using?

  [1] Next.js  Full-stack React with SSR/SSG
  [2] React  Frontend UI library (SPA)
  [3] Vue  Progressive frontend framework
  [4] Nuxt  Full-stack Vue framework
  [5] Svelte/SvelteKit  Compiled UI framework
  [6] Angular  Enterprise frontend framework
  [7] Node.js  Backend API (Express/Fastify/Koa)
  [8] Other / None  Skip or not listed

  Auto-detected: not detected
  Not sure? Pick anything — you can reconfigure later with: fortress init --force
  Choice [1-8, or Enter to accept]: 1

  What language?

  [1] TypeScript  JavaScript + type safety (recommended)
  [2] JavaScript  Dynamic, no type annotations

  Auto-detected: javascript
  Choice [1-2, or Enter to accept]: 1

  What test framework?

  [1] Vitest  Fast, Vite-native test runner
  [2] Jest  Popular, batteries-included
  [3] Mocha  Flexible, bring-your-own assertions
  [4] Node built-in  Zero-dependency, built into Node
  [5] None  Skip for now

  Auto-detected: not detected
  Choice [1-5, or Enter to accept]: 4

  What linter?

  [1] ESLint  Industry standard, highly configurable
  [2] Biome  Fast all-in-one linter + formatter
  [3] None  Skip for now

  Auto-detected: not detected
  Choice [1-3, or Enter to accept]: 1

  Your configuration:

    Framework:      next
    Language:       typescript
    Test Framework: node:test
    Linter:         eslint
    Package Mgr:    npm (auto-detected)

  Proceed? [Y/n]: y


  Created fortress.config.js
  Created CLAUDE.md
  Created .claude/settings.local.json
  Installed .claude/statusline-fortress.sh
  Installed .claude/agents/code-reviewer.md
  Installed .claude/agents/security-auditor.md
  Installed .git/hooks/pre-commit

  ══════════════════════════════════════════
  Almost there! Just a few more steps:

  Step 1. Copy and paste this into your terminal to
         install the tools you selected:

         npm install --save-dev typescript && npm install --save-dev eslint

  Step 2. Set up config files for your new tools:

         npx tsc --init

  Step 3. Tell Fortress to detect your new tools:

         npx fortress init --force --yes

  Step 4. Verify everything works:

         npx fortress quick
  ══════════════════════════════════════════

skitch@Skitchs-Laptop ~ %          npm install --save-dev typescript && npm install --save-dev eslint

added 1 package, and audited 3 packages in 898ms

found 0 vulnerabilities

added 70 packages, and audited 73 packages in 2s

17 packages are looking for funding
  run `npm fund` for details

found 0 vulnerabilities
skitch@Skitchs-Laptop ~ %          npx tsc --init

Created a new tsconfig.json                                                                                           
                                                                                                                   TS 
You can learn more at https://aka.ms/tsconfig
skitch@Skitchs-Laptop ~ %          npx fortress init --force --yes

fortress.config.js already exists.
--force flag detected, overwriting...


Fortress Init
Detecting project configuration...

  Framework:      not detected
  Language:       typescript
  Package Mgr:    npm
  Test Framework: not detected
  Linter:         eslint
  Build Command:  not detected

  Created fortress.config.js
  Created CLAUDE.md
  Created .claude/settings.local.json
  Installed .claude/statusline-fortress.sh
  Installed .claude/agents/code-reviewer.md
  Installed .claude/agents/security-auditor.md
  Installed .git/hooks/pre-commit

  ══════════════════════════════════════════
  Setup complete!

  Type claude in this terminal and wait
  for the awesomeness!

  Or run: npx fortress quick
  ══════════════════════════════════════════

skitch@Skitchs-Laptop ~ %          npx fortress quick

Fortress Quick Validation
Running enabled checks...

  [FAIL] TypeScript (18.0s)
         Desktop/Claude SaaS Experiment/LIMS-micro/tests/integration/cross-system-workflow.test.ts(708,14): error TS1005: ',' expected.
         Desktop/Claude SaaS Experiment/LIMS-micro/tests/integration/cross-system-workflow.test.ts(709,11): error TS1135: Argument expression expected.
         Desktop/Claude SaaS Experiment/LIMS-micro/tests/integration/cross-system-workflow.test.ts(710,9): error TS1128: Declaration or statement expected.
         Desktop/Claude SaaS Experiment/LIMS-micro/tests/integration/cross-system-workflow.test.ts(711,7): error TS1128: Declaration or statement expected.
         Desktop/Claude SaaS Experiment/LIMS-micro/tests/integration/cross-system-workflow.test.ts(768,5): error TS1128: Declaration or statement expected.
         ... and 16 more
  [PASS] Lint (0.7s)
         No files to lint yet — this check will activate when you add source files
  [SKIP] test (disabled)
  [SKIP] content (disabled)
  [FAIL] Secrets Detection (62.1s)
         .cache/uv/archive-v0/3rgwZGkMDY-Zw00DeKjrk/cryptography/hazmat/primitives/serialization/ssh.py:78 - Private Key (matched: ----***--)
         .cache/uv/archive-v0/3zDYDMwADBOFBamxtLd3W/pydantic/networks.py:735 - Database Connection String with Credentials (matched: post***'))
         .cache/uv/archive-v0/3zDYDMwADBOFBamxtLd3W/pydantic/networks.py:737 - Database Connection String with Credentials (matched: post***ar)
         .cache/uv/archive-v0/3zDYDMwADBOFBamxtLd3W/pydantic/networks.py:740 - Database Connection String with Credentials (matched: post***'))
         .cache/uv/archive-v0/3zDYDMwADBOFBamxtLd3W/pydantic/networks.py:748 - Database Connection String with Credentials (matched: post***th)
         ... and 25 more
         ... and 1545 more secrets found
  [SKIP] security (disabled)
  [SKIP] build (disabled)

──────────────────────────────────────────────────
  Score: 33/100  (80.8s)
  Some checks failed.

skitch@Skitchs-Laptop ~ % 
